[10:08:26] 正在执行截图任务...
[10:08:26] 截图任务开始：模式1 · 会话=浅沫 · 项目=projects\OPPO_PEMM00\邻叙_com.chats.linxu\capture
[10:08:28] 
开始截图采集: 浅沫
[10:08:28]    最大截图数: 0
[10:08:28]    按停止按钮可随时取消

[10:08:29]    📸 [  1] 浅沫_001.png
[10:08:31]    📸 [  2] 浅沫_002.png
[10:08:33]    📸 [  3] 浅沫_003.png
[10:08:34]    📸 [  4] 浅沫_004.png
[10:08:37]    重复截图 (1/4) 相似度=1.0000
[10:08:39]    已到达边界，截图完成（位移=0.0000）
[10:08:39] 
✅ 截图完成: 4 张 → projects\OPPO_PEMM00\邻叙_com.chats.linxu\capture\浅沫
[10:08:39] 截图任务结束：共保存 4 张
[10:08:39] 正在扫描截图中的 APK / 网址...
[10:08:43] 扫描完成：未发现 APK 或网址
[10:08:51] 正在执行截图任务...
[10:08:51] 截图任务开始：模式1 · 会话=浅沫 · 项目=projects\OPPO_PEMM00\邻叙_com.chats.linxu\capture
[10:08:54] 
开始截图采集: 浅沫
[10:08:54]    最大截图数: 0
[10:08:54]    按停止按钮可随时取消

[10:08:54]    📸 [  1] 浅沫_005.png
[10:08:56]    📸 [  2] 浅沫_006.png
[10:08:58]    📸 [  3] 浅沫_007.png
[10:08:59] 收到停止截图请求
[10:08:59]    已停止
[10:08:59] 
✅ 截图完成: 3 张 → projects\OPPO_PEMM00\邻叙_com.chats.linxu\capture\浅沫
[10:08:59] 截图任务结束：共保存 3 张
[10:44:01] 正在执行截图任务...
[10:44:01] 截图任务开始：模式1 · 会话=capture_20260611_104333 · 项目=projects\OPPO_PEMM00\邻叙_com.chats.linxu\capture
[10:44:19] 
开始截图采集: capture_20260611_104333
[10:44:19]    最大截图数: 0
[10:44:19]    按停止按钮可随时取消

[10:44:19]    📸 [  1] capture_20260611_104333_001.png
[10:44:21]    📸 [  2] capture_20260611_104333_002.png
[10:44:23]    📸 [  3] capture_20260611_104333_003.png
[10:44:25]    📸 [  4] capture_20260611_104333_004.png
[10:44:28]    📸 [  5] capture_20260611_104333_005.png
[10:44:30]    📸 [  6] capture_20260611_104333_006.png
[10:44:32]    📸 [  7] capture_20260611_104333_007.png
[10:44:34]    📸 [  8] capture_20260611_104333_008.png
[10:44:36]    📸 [  9] capture_20260611_104333_009.png
[10:44:38]    📸 [ 10] capture_20260611_104333_010.png
[10:44:40]    📸 [ 11] capture_20260611_104333_011.png
[10:44:42]    📸 [ 12] capture_20260611_104333_012.png
[10:44:44]    📸 [ 13] capture_20260611_104333_013.png
[10:44:46]    📸 [ 14] capture_20260611_104333_014.png
[10:44:48]    📸 [ 15] capture_20260611_104333_015.png
[10:44:50]    📸 [ 16] capture_20260611_104333_016.png
[10:44:52]    📸 [ 17] capture_20260611_104333_017.png
[10:44:54]    📸 [ 18] capture_20260611_104333_018.png
[10:44:56]    📸 [ 19] capture_20260611_104333_019.png
[10:44:58]    📸 [ 20] capture_20260611_104333_020.png
[10:45:00]    📸 [ 21] capture_20260611_104333_021.png
[10:45:02]    📸 [ 22] capture_20260611_104333_022.png
[10:45:04]    📸 [ 23] capture_20260611_104333_023.png
[10:45:06]    重复截图 (1/4) 相似度=1.0000
[10:45:08]    已到达边界，截图完成（位移=0.0000）
[10:45:08] 
✅ 截图完成: 23 张 → projects\OPPO_PEMM00\邻叙_com.chats.linxu\capture\capture_20260611_104333
[10:45:08] 截图任务结束：共保存 23 张
[10:45:08] 正在扫描截图中的 APK / 网址...
[10:45:37] 扫描完成：发现 APK 1 个，网址 0 个
[10:49:53] 识别到聊天标题(capture): 浅沫
[10:50:02] 正在执行截图任务...
[10:50:02] 截图任务开始：模式1 · 会话=浅沫 · 项目=projects\OPPO_PEMM00\邻叙_com.chats.linxu\capture
[10:50:21] 
开始截图采集: 浅沫
[10:50:21]    最大截图数: 0
[10:50:21]    按停止按钮可随时取消

[10:50:21]    📸 [  1] 浅沫_008.png
[10:50:24]    📸 [  2] 浅沫_009.png
[10:50:26]    📸 [  3] 浅沫_010.png
[10:50:28]    📸 [  4] 浅沫_011.png
[10:50:30]    📸 [  5] 浅沫_012.png
[10:50:32]    📸 [  6] 浅沫_013.png
[10:50:34]    📸 [  7] 浅沫_014.png
[10:50:36]    📸 [  8] 浅沫_015.png
[10:50:38]    📸 [  9] 浅沫_016.png
[10:50:40]    📸 [ 10] 浅沫_017.png
[10:50:42]    📸 [ 11] 浅沫_018.png
[10:50:44]    📸 [ 12] 浅沫_019.png
[10:50:46]    📸 [ 13] 浅沫_020.png
[10:50:48]    📸 [ 14] 浅沫_021.png
[10:50:50]    📸 [ 15] 浅沫_022.png
[10:50:52]    📸 [ 16] 浅沫_023.png
[10:50:54]    📸 [ 17] 浅沫_024.png
[10:50:56]    📸 [ 18] 浅沫_025.png
[10:50:58]    📸 [ 19] 浅沫_026.png
[10:51:00]    📸 [ 20] 浅沫_027.png
[10:51:02]    📸 [ 21] 浅沫_028.png
[10:51:04]    📸 [ 22] 浅沫_029.png
[10:51:06]    📸 [ 23] 浅沫_030.png
[10:51:08]    重复截图 (1/4) 相似度=1.0000
[10:51:10]    已到达边界，截图完成（位移=0.0000）
[10:51:10] 
✅ 截图完成: 23 张 → projects\OPPO_PEMM00\邻叙_com.chats.linxu\capture\浅沫
[10:51:10] 截图任务结束：共保存 23 张
[10:51:10] 正在扫描截图中的 APK / 网址...
[10:51:48] 扫描完成：发现 APK 1 个，网址 0 个
[11:06:46] 识别到聊天标题(capture): 浅沫
[11:06:52] 正在执行截图任务...
[11:06:52] 截图任务开始：模式1 · 会话=浅沫 · 项目=projects\OPPO_PEMM00\邻叙_com.chats.linxu\capture
[11:07:11] 
开始截图采集: 浅沫
[11:07:11]    最大截图数: 0
[11:07:11]    按停止按钮可随时取消

[11:07:11]    📸 [  1] 浅沫_031.png
[11:07:14]    📸 [  2] 浅沫_032.png
[11:07:16]    📸 [  3] 浅沫_033.png
[11:07:18]    📸 [  4] 浅沫_034.png
[11:07:20]    📸 [  5] 浅沫_035.png
[11:07:22]    📸 [  6] 浅沫_036.png
[11:07:24]    📸 [  7] 浅沫_037.png
[11:07:26]    📸 [  8] 浅沫_038.png
[11:07:28]    📸 [  9] 浅沫_039.png
[11:07:30]    📸 [ 10] 浅沫_040.png
[11:07:32]    📸 [ 11] 浅沫_041.png
[11:07:34]    📸 [ 12] 浅沫_042.png
[11:07:36]    📸 [ 13] 浅沫_043.png
[11:07:38]    📸 [ 14] 浅沫_044.png
[11:07:40]    📸 [ 15] 浅沫_045.png
[11:07:42]    📸 [ 16] 浅沫_046.png
[11:07:44]    📸 [ 17] 浅沫_047.png
[11:07:46]    📸 [ 18] 浅沫_048.png
[11:07:48]    📸 [ 19] 浅沫_049.png
[11:07:50]    📸 [ 20] 浅沫_050.png
[11:07:52]    📸 [ 21] 浅沫_051.png
[11:07:54]    📸 [ 22] 浅沫_052.png
[11:07:56]    📸 [ 23] 浅沫_053.png
[11:07:58]    重复截图 (1/4) 相似度=1.0000
[11:08:00]    已到达边界，截图完成（位移=0.0000）
[11:08:00] 
✅ 截图完成: 23 张 → projects\OPPO_PEMM00\邻叙_com.chats.linxu\capture\浅沫
[11:08:00] 截图任务结束：共保存 23 张
[11:08:00] 正在查询是否有apk或网址...
[11:09:05] ========================================
[11:09:05] 【重要内容提醒】
[11:09:05] 【APK 安装包】（1 个）
[11:09:05]   • 爱心小屋.apk（浅沫_015.png）
[11:09:05] ========================================
[11:09:37] 打开目录: projects\OPPO_PEMM00\邻叙_com.chats.linxu\capture
[11:32:30] 识别到聊天标题(capture): 我的没有爱心小屋啊
[11:32:42] 识别到聊天标题(capture): 你没有玩过吗？这个爱心小屋
[11:32:57] 识别到聊天标题(capture): 浅陌
[11:32:59] 正在执行截图任务...
[11:32:59] 截图任务开始：模式1 · 会话=浅陌 · 项目=projects\OPPO_PEMM00\邻叙_com.chats.linxu\capture
[11:33:02] 
开始截图采集: 浅陌
[11:33:02]    最大截图数: 0
[11:33:02]    按停止按钮可随时取消

[11:33:02]    📸 [  1] 浅陌_001.png
[11:33:04]    📸 [  2] 浅陌_002.png
[11:33:06]    📸 [  3] 浅陌_003.png
[11:33:08]    📸 [  4] 浅陌_004.png
[11:33:10]    📸 [  5] 浅陌_005.png
[11:33:12]    📸 [  6] 浅陌_006.png
[11:33:14]    📸 [  7] 浅陌_007.png
[11:33:17]    📸 [  8] 浅陌_008.png
[11:33:19]    📸 [  9] 浅陌_009.png
[11:33:21]    📸 [ 10] 浅陌_010.png
[11:33:23]    📸 [ 11] 浅陌_011.png
[11:33:25]    📸 [ 12] 浅陌_012.png
[11:33:27]    📸 [ 13] 浅陌_013.png
[11:33:29]    📸 [ 14] 浅陌_014.png
[11:33:31]    📸 [ 15] 浅陌_015.png
[11:33:33]    📸 [ 16] 浅陌_016.png
[11:33:35]    📸 [ 17] 浅陌_017.png
[11:33:37]    📸 [ 18] 浅陌_018.png
[11:33:39]    📸 [ 19] 浅陌_019.png
[11:33:41]    📸 [ 20] 浅陌_020.png
[11:33:43]    📸 [ 21] 浅陌_021.png
[11:33:45]    📸 [ 22] 浅陌_022.png
[11:33:47]    📸 [ 23] 浅陌_023.png
[11:33:49]    重复截图 (1/4) 相似度=1.0000
[11:33:51]    已到达边界，截图完成（位移=0.0000）
[11:33:51] 
✅ 截图完成: 23 张 → projects\OPPO_PEMM00\邻叙_com.chats.linxu\capture\浅陌
[11:33:51] 截图任务结束：共保存 23 张
[11:33:51] 正在查询是否有apk或网址...
[11:34:30] 查询到 APK 或网址，正在展示截图位置...
[12:15:27] 识别到聊天标题(capture): 浅沫
[12:15:29] 正在执行截图任务...
[12:15:29] 截图任务开始：模式1 · 会话=浅沫 · 项目=projects\OPPO_PEMM00\邻叙_com.chats.linxu\capture
[12:15:49] 
开始截图采集: 浅沫
[12:15:49]    最大截图数: 0
[12:15:49]    按停止按钮可随时取消

[12:15:49]    📸 [  1] 浅沫_054.png
[12:15:51]    📸 [  2] 浅沫_055.png
[12:15:53]    📸 [  3] 浅沫_056.png
[12:15:55]    📸 [  4] 浅沫_057.png
[12:15:57]    📸 [  5] 浅沫_058.png
[12:15:59]    📸 [  6] 浅沫_059.png
[12:16:01]    📸 [  7] 浅沫_060.png
[12:16:03]    📸 [  8] 浅沫_061.png
[12:16:05]    📸 [  9] 浅沫_062.png
[12:16:07]    📸 [ 10] 浅沫_063.png
[12:16:09]    📸 [ 11] 浅沫_064.png
[12:16:11]    📸 [ 12] 浅沫_065.png
[12:16:13]    📸 [ 13] 浅沫_066.png
[12:16:15]    📸 [ 14] 浅沫_067.png
[12:16:17]    📸 [ 15] 浅沫_068.png
[12:16:19]    📸 [ 16] 浅沫_069.png
[12:16:21]    📸 [ 17] 浅沫_070.png
[12:16:23]    📸 [ 18] 浅沫_071.png
[12:16:25]    📸 [ 19] 浅沫_072.png
[12:16:27]    📸 [ 20] 浅沫_073.png
[12:16:29]    📸 [ 21] 浅沫_074.png
[12:16:32]    📸 [ 22] 浅沫_075.png
[12:16:34]    📸 [ 23] 浅沫_076.png
[12:16:36]    重复截图 (1/4) 相似度=1.0000
[12:16:38]    已到达边界，截图完成（位移=0.0000）
[12:16:38] 
✅ 截图完成: 23 张 → projects\OPPO_PEMM00\邻叙_com.chats.linxu\capture\浅沫
[12:16:38] 截图任务结束：共保存 23 张
[12:16:38] 正在查询是否有apk或网址...
[12:18:13] 查询到 APK 或网址，正在展示截图位置...
[12:20:19] 识别到聊天标题(capture): 浅沫
[12:20:20] 正在执行截图任务...
[12:20:20] 截图任务开始：模式1 · 会话=浅沫 · 项目=projects\OPPO_PEMM00\邻叙_com.chats.linxu\capture
[12:20:39] 
开始截图采集: 浅沫
[12:20:39]    最大截图数: 0
[12:20:39]    按停止按钮可随时取消

[12:20:39]    📸 [  1] 浅沫_077.png
[12:20:41]    📸 [  2] 浅沫_078.png
[12:20:43]    📸 [  3] 浅沫_079.png
[12:20:45]    📸 [  4] 浅沫_080.png
[12:20:47]    📸 [  5] 浅沫_081.png
[12:20:49]    📸 [  6] 浅沫_082.png
[12:20:51]    📸 [  7] 浅沫_083.png
[12:20:53]    📸 [  8] 浅沫_084.png
[12:20:55]    📸 [  9] 浅沫_085.png
[12:20:57]    📸 [ 10] 浅沫_086.png
[12:20:59]    📸 [ 11] 浅沫_087.png
[12:21:01]    📸 [ 12] 浅沫_088.png
[12:21:04]    📸 [ 13] 浅沫_089.png
[12:21:06]    📸 [ 14] 浅沫_090.png
[12:21:08]    📸 [ 15] 浅沫_091.png
[12:21:10]    📸 [ 16] 浅沫_092.png
[12:21:12]    📸 [ 17] 浅沫_093.png
[12:21:14]    📸 [ 18] 浅沫_094.png
[12:21:16]    📸 [ 19] 浅沫_095.png
[12:21:18]    📸 [ 20] 浅沫_096.png
[12:21:20]    📸 [ 21] 浅沫_097.png
[12:21:22]    📸 [ 22] 浅沫_098.png
[12:21:24]    📸 [ 23] 浅沫_099.png
[12:21:26]    重复截图 (1/4) 相似度=1.0000
[12:21:28]    已到达边界，截图完成（位移=0.0000）
[12:21:28] 
✅ 截图完成: 23 张 → projects\OPPO_PEMM00\邻叙_com.chats.linxu\capture\浅沫
[12:21:28] 截图任务结束：共保存 23 张
[12:21:28] 正在查询是否有apk或网址...
[12:23:24] 查询到 APK 或网址，正在展示截图位置...
[12:24:13] ========================================
[12:24:13] 【重要内容提醒】
[12:24:13] 【APK 安装包】（1 个）
[12:24:13]   • 爱心小屋.apk（浅沫_015.png）
[12:24:13] ========================================
